[26.07.2019 14:51:38] : Starting script [demo]
[26.07.2019 14:51:38] : [demo] [1] = $x = 2
[26.07.2019 14:51:38] : [demo] [2] = if ($x)@1
[26.07.2019 14:51:38] : [demo] [2] = $y = 1
[26.07.2019 14:51:38] : [demo] [3] = else if (!$x)@0
[26.07.2019 14:51:38] : [demo] Finishing with #end
[26.07.2019 14:51:38] : [demo] End script
[26.07.2019 14:51:38] : End script
-----------------------

[26.07.2019 14:51:51] : Starting script [demo]
[26.07.2019 14:51:51] : [demo] [1] = $x = -1
[26.07.2019 14:51:51] : [demo] [2] = if ($x)@3
[26.07.2019 14:51:51] : [demo] [3] = else if (!$x)@2
[26.07.2019 14:52:00] : Starting script [demo]
[26.07.2019 14:52:00] : [demo] [1] = $x = -1
[26.07.2019 14:52:00] : [demo] [2] = if ($x)@5
[26.07.2019 14:52:00] : [demo] [3] = else if (!$x)@4
[26.07.2019 14:52:08] : Starting script [demo]
[26.07.2019 14:52:08] : [demo] [1] = $x = 0
[26.07.2019 14:52:08] : [demo] [2] = if ($x)@7
[26.07.2019 14:52:08] : [demo] [3] = else if (!$x)@6
[26.07.2019 14:52:20] : Starting script [demo]
[26.07.2019 14:52:20] : [demo] [1] = $x = 1
[26.07.2019 14:52:20] : [demo] [2] = if ($x)@9
[26.07.2019 14:52:20] : [demo] [2] = $y = 1
[26.07.2019 14:52:20] : [demo] [3] = else if (!$x)@8
[26.07.2019 14:52:20] : [demo] Finishing with #end
[26.07.2019 14:52:20] : [demo] End script
[26.07.2019 14:52:20] : End script
-----------------------

[26.07.2019 14:52:32] : Starting script [demo]
[26.07.2019 14:52:32] : [demo] [1] = $x = 1
[26.07.2019 14:52:32] : [demo] [2] = if ($x)@10
[26.07.2019 14:52:32] : [demo] [2] = $y = 1
[26.07.2019 14:52:32] : [demo] Finishing with #end
[26.07.2019 14:52:32] : [demo] End script
[26.07.2019 14:52:32] : End script
-----------------------

[26.07.2019 14:52:35] : Starting script [demo]
[26.07.2019 14:52:35] : [demo] [1] = $x = 0
[26.07.2019 14:52:35] : [demo] [2] = if ($x)@11
[26.07.2019 14:52:35] : [demo] Finishing with #end
[26.07.2019 14:52:35] : [demo] End script
[26.07.2019 14:52:35] : End script
-----------------------

[26.07.2019 14:52:39] : Starting script [demo]
[26.07.2019 14:52:39] : [demo] [1] = $x = -1
[26.07.2019 14:52:39] : [demo] [2] = if ($x)@12
[26.07.2019 14:52:39] : [demo] Finishing with #end
[26.07.2019 14:52:39] : [demo] End script
[26.07.2019 14:52:39] : End script
-----------------------

[26.07.2019 14:52:52] : Starting script [demo]
[26.07.2019 14:52:52] : [demo] [1] = $x = -1
[26.07.2019 14:52:52] : [demo] [2] = if (!$x)@13
[26.07.2019 14:53:30] : Starting script [demo]
[26.07.2019 14:53:30] : [demo] [1] = $x = -1
[26.07.2019 14:53:30] : [demo] [2] = _debugintofile()
[26.07.2019 14:53:30] : [demo] [3] = if (!$x)@14
